1                                         High Level Assembler Option Summary                   (PTF UI61337)   Page    1            
-                                                                                            HLASM R6.0  2020/03/29 16.08            
0  No Overriding ASMAOPT Parameters                                                                                                  
   Overriding Parameters-  SYSPARM(MAP),DECK,NOOBJECT                                                                                
   No Process Statements                                                                                                             
 
 
   Options for this Assembly                                                                                                         
0                    NOADATA                                                                                                         
                       ALIGN                                                                                                         
                     NOASA                                                                                                           
                       BATCH                                                                                                         
                       CODEPAGE(047C)                                                                                                
                     NOCOMPAT                                                                                                        
                     NODATAMAP                                                                                                       
                     NODBCS                                                                                                          
 3 PARM/OPTION         DECK                                                                                                          
                       DXREF                                                                                                         
                       ESD                                                                                                           
                     NOEXIT                                                                                                          
                       FAIL(NOMSG,NOMNOTE,MAXERRS(500))                                                                              
                       FLAG(0,ALIGN,CONT,EXLITW,NOIMPLEN,NOLONGER,NOPAGE0,PUSH,RECORD,NOSIGNED,NOSUBSTR,NOTRUNC,USING0)              
                     NOFOLD                                                                                                          
                     NOGOFF                                                                                                          
                     NOINFO                                                                                                          
                       ILMA                                                                                                          
                       LANGUAGE(EN)                                                                                                  
                     NOLIBMAC                                                                                                        
                       LINECOUNT(60)                                                                                                 
                       LIST(121)                                                                                                     
                       MACHINE(,NOLIST)                                                                                              
                       MXREF(SOURCE)                                                                                                 
 3 PARM/OPTION       NOOBJECT                                                                                                        
                       OPTABLE(UNI,NOLIST)                                                                                           
                     NOPCONTROL                                                                                                      
                     NOPESTOP                                                                                                        
                     NOPROFILE                                                                                                       
                     NORA2                                                                                                           
                     NORENT                                                                                                          
                       RLD                                                                                                           
                       RXREF                                                                                                         
                       SECTALGN(8)                                                                                                   
                       SIZE(MAX)                                                                                                     
                     NOSUPRWARN                                                                                                      
 3 PARM/OPTION         SYSPARM(MAP)                                                                                                  
                     NOTERM                                                                                                          
                     NOTEST                                                                                                          
                       THREAD                                                                                                        
                     NOTRANSLATE                                                                                                     
                       TYPECHECK(MAGNITUDE,REGISTER)                                                                                 
                       USING(NOLIMIT,MAP,WARN(15))                                                                                   
                     NOWORKFILE                                                                                                      
                       XREF(SHORT,UNREFS)                                                                                            
 
   No Overriding DD Names                                                                                                            
1                                              External Symbol Dictionary                                       Page    2            
-Symbol   Type   Id     Address  Length   Owner Id Flags Alias-of                            HLASM R6.0  2020/03/29 16.08            
0INQSG36M  SD 00000001 00000000 00000385             06                                                                              
1                                                                                                               Page    3            
   Active Usings: None                                                                                                               
0  Loc  Object Code    Addr1 Addr2  Stmt   Source Statement                                  HLASM R6.0  2020/03/29 16.08            
0                                      1          PRINT NOGEN                                                                        
                                       2 INQSG36  DFHMSD TYPE=&SYSPARM,                                         X                    
                                                        LANG=COBOL,                                             X                    
                                                        MODE=INOUT,                                             X                    
                                                        TERM=3270-2,                                            X                    
                                                        CTRL=FREEKB,                                            X                    
                                                        STORAGE=AUTO,                                           X                    
 000000 C9D5D8E2C7F3F6D4                                TIOAPFX=YES                                                                  
                                     111 ***********************************************************************                     
                                     112 INQMG36  DFHMDI SIZE=(24,80),                                          X                    
                                                        LINE=1,                                                 X                    
 00000C 004F                                            COLUMN=1                                                                     
                                     248 ***********************************************************************                     
                                     249          DFHMDF POS=(1,1),                                             X                    
                                                        LENGTH=8,                                               X                    
                                                        ATTRB=(NORM,PROT),                                      X                    
                                                        COLOR=BLUE,                                             X                    
                                                        INITIAL='INQMG36'                                                            
 ** ASMA254I *** MNOTE ***           344+     4, COLOR PARAMETER IS INVALID IF MAPATTS(COLOR) OMITTED - IGNORED  02-DFHPR            
                                     355          DFHMDF POS=(1,20),                                            X                    
                                                        LENGTH=16,                                              X                    
                                                        ATTRB=(NORM,PROT),                                      X                    
                                                        COLOR=GREEN,                                            X                    
                                                        INITIAL='Customer Inquiry'                                                   
 ** ASMA254I *** MNOTE ***           450+     4, COLOR PARAMETER IS INVALID IF MAPATTS(COLOR) OMITTED - IGNORED  02-DFHPR            
                                     461 TRANID   DFHMDF POS=(1,76),                                            X                    
                                                        LENGTH=4,                                               X                    
                                                        ATTRB=(NORM,PROT),                                      X                    
                                                        COLOR=BLUE,                                             X                    
                                                        INITIAL='XXXX'                                                               
 ** ASMA254I *** MNOTE ***           556+     4, COLOR PARAMETER IS INVALID IF MAPATTS(COLOR) OMITTED - IGNORED  02-DFHPR            
                                     567 ***********************************************************************                     
                                     568          DFHMDF POS=(3,1),                                             X                    
                                                        LENGTH=65,                                              X                    
                                                        ATTRB=(NORM,PROT),                                      X                    
                                                        COLOR=WHITE,                                            X                    
                                                        INITIAL='To start a new browse, type a customer number. X                    
                                                         Then press Enter.'                                                          
 ** ASMA254I *** MNOTE ***           663+     4, COLOR PARAMETER IS INVALID IF MAPATTS(COLOR) OMITTED - IGNORED  02-DFHPR            
                                     674          DFHMDF POS=(5,1),                                             X                    
                                                        LENGTH=24,                                              X                    
                                                        ATTRB=(NORM,PROT),                                      X                    
                                                        COLOR=GREEN,                                            X                    
                                                        INITIAL='Customer number. . . . .'                                           
 ** ASMA254I *** MNOTE ***           769+     4, COLOR PARAMETER IS INVALID IF MAPATTS(COLOR) OMITTED - IGNORED  02-DFHPR            
                                     780 CUSTNO   DFHMDF POS=(5,26),                                            X                    
                                                        LENGTH=6,                                               X                    
                                                        ATTRB=(NORM,UNPROT,IC),                                 X                    
                                                        COLOR=TURQUOISE,                                        X                    
                                                        INITIAL='______'                                                             
 ** ASMA254I *** MNOTE ***           875+     4, COLOR PARAMETER IS INVALID IF MAPATTS(COLOR) OMITTED - IGNORED  02-DFHPR            
                                     886          DFHMDF POS=(5,33),                                            X                    
                                                        LENGTH=1,                                               X                    
 000106 0000                                            ATTRB=ASKIP                                                                  
                                     989 ***********************************************************************                     
1                                                                                                               Page    4            
   Active Usings: None                                                                                                               
0  Loc  Object Code    Addr1 Addr2  Stmt   Source Statement                                  HLASM R6.0  2020/03/29 16.08            
0                                    990          DFHMDF POS=(7,1),                                             X                    
                                                        LENGTH=24,                                              X                    
                                                        ATTRB=(NORM,PROT),                                      X                    
                                                        COLOR=GREEN,                                            X                    
                                                        INITIAL='Name and address . . . :'                                           
 ** ASMA254I *** MNOTE ***          1085+     4, COLOR PARAMETER IS INVALID IF MAPATTS(COLOR) OMITTED - IGNORED  02-DFHPR            
                                    1096 LNAME    DFHMDF POS=(7,26),                                            X                    
                                                        LENGTH=30,                                              X                    
                                                        COLOR=TURQUOISE,                                        X                    
                                                        ATTRB=(NORM,PROT)                                                            
 ** ASMA254I *** MNOTE ***          1191+     4, COLOR PARAMETER IS INVALID IF MAPATTS(COLOR) OMITTED - IGNORED  02-DFHPR            
                                    1201 FNAME    DFHMDF POS=(8,26),                                            X                    
                                                        LENGTH=20,                                              X                    
                                                        COLOR=TURQUOISE,                                        X                    
                                                        ATTRB=(NORM,PROT)                                                            
 ** ASMA254I *** MNOTE ***          1296+     4, COLOR PARAMETER IS INVALID IF MAPATTS(COLOR) OMITTED - IGNORED  02-DFHPR            
                                    1306 ADDR     DFHMDF POS=(9,26),                                            X                    
                                                        LENGTH=30,                                              X                    
                                                        COLOR=TURQUOISE,                                        X                    
                                                        ATTRB=(NORM,PROT)                                                            
 ** ASMA254I *** MNOTE ***          1401+     4, COLOR PARAMETER IS INVALID IF MAPATTS(COLOR) OMITTED - IGNORED  02-DFHPR            
                                    1411 CITY     DFHMDF POS=(10,26),                                           X                    
                                                        LENGTH=20,                                              X                    
                                                        COLOR=TURQUOISE,                                        X                    
                                                        ATTRB=(NORM,PROT)                                                            
 ** ASMA254I *** MNOTE ***          1506+     4, COLOR PARAMETER IS INVALID IF MAPATTS(COLOR) OMITTED - IGNORED  02-DFHPR            
                                    1516 STATE    DFHMDF POS=(10,47),                                           X                    
                                                        LENGTH=2,                                               X                    
                                                        COLOR=TURQUOISE,                                        X                    
                                                        ATTRB=(NORM,PROT)                                                            
 ** ASMA254I *** MNOTE ***          1611+     4, COLOR PARAMETER IS INVALID IF MAPATTS(COLOR) OMITTED - IGNORED  02-DFHPR            
                                    1621 ZIPCODE  DFHMDF POS=(10,50),                                           X                    
                                                        LENGTH=10,                                              X                    
                                                        COLOR=TURQUOISE,                                        X                    
                                                        ATTRB=(NORM,PROT)                                                            
 ** ASMA254I *** MNOTE ***          1716+     4, COLOR PARAMETER IS INVALID IF MAPATTS(COLOR) OMITTED - IGNORED  02-DFHPR            
                                    1726 ***********************************************************************                     
                                    1727 MESSAGE  DFHMDF POS=(23,1),                                            X                    
                                                        LENGTH=79,                                              X                    
                                                        ATTRB=(BRT,PROT),                                       X                    
                                                        COLOR=YELLOW                                                                 
 ** ASMA254I *** MNOTE ***          1822+     4, COLOR PARAMETER IS INVALID IF MAPATTS(COLOR) OMITTED - IGNORED  02-DFHPR            
                                    1832          DFHMDF POS=(24,1),                                            X                    
                                                        LENGTH=35,                                              X                    
                                                        ATTRB=(NORM,PROT),                                      X                    
                                                        COLOR=BLUE,                                             X                    
                                                        INITIAL='F3=Exit  F5=First  F6=Last  F7=Prev'                                
 ** ASMA254I *** MNOTE ***          1927+     4, COLOR PARAMETER IS INVALID IF MAPATTS(COLOR) OMITTED - IGNORED  02-DFHPR            
                                    1938          DFHMDF POS=(24,38),                                           X                    
                                                        LENGTH=19,                                              X                    
                                                        ATTRB=(NORM,PROT),                                      X                    
                                                        COLOR=BLUE,                                             X                    
                                                        INITIAL='F8=Next  F12=Cancel'                                                
 ** ASMA254I *** MNOTE ***          2033+     4, COLOR PARAMETER IS INVALID IF MAPATTS(COLOR) OMITTED - IGNORED  02-DFHPR            
                                    2044 DUMMY    DFHMDF POS=(24,79),                                           X                    
1                                                                                                               Page    5            
   Active Usings: None                                                                                                               
0  Loc  Object Code    Addr1 Addr2  Stmt   Source Statement                                  HLASM R6.0  2020/03/29 16.08            
0                                                       LENGTH=1,                                               X                    
                                                        ATTRB=(DRK,PROT,FSET),                                  X                    
 0001AC 0000                                            INITIAL=' '                                                                  
                                    2148 ***********************************************************************                     
 0001B5 FFFF                        2149          DFHMSD TYPE=FINAL                                                                  
                                    2528          END                                                                                
1                               Ordinary Symbol and Literal Cross Reference                                     Page    6            
-Symbol   Length   Value     Id    R Type Asm  Program   Defn References                     HLASM R6.0  2020/03/29 16.08            
0DFHK1         1 0000004F 00000001 A   U                  245  207                                                                   
 DFHL1         1 0000000C 00000001     U                  206  245  2342  2431                                                       
 DFHM1         1 00000375 00000001 A   U                 2431  212                                                                   
 DFHN1         1 000000EF 00000001 A   U                 2335  214                                                                   
 DFHP1         1 0000020C 00000001 A   U                 2336  215                                                                   
 DFHQ1         1 0000015A 00000001 A   U                 2337  218                                                                   
 DFHR1         1 00000381 00000001     U                 2429 2430  2431                                                             
 DFHS1         1 000000B4 00000001 A   U                 2334  213                                                                   
 DFHT1         1 00000010 00000001 A   U                 2339  224                                                                   
 DFHU0         1 00000000 00000001 A   U                 2432  106                                                                   
 DFHXX1        1 000001B7 00000001     U                 2341 2342  2430                                                             
 DFHX1         1 000001AB 00000001 A   U                 2342  231                                                                   
 DFHY1         1 000001CA 00000001 A   U                 2430 2343                                                                   
 DFHZ1         1 00000000 00000001 A   U                 2338  228                                                                   
 INQSG36M      1 00000000 00000001     J                  101  102   103                                                             
1                                  Unreferenced Symbols Defined in CSECTs                                       Page    7            
-  Defn  Symbol                                                                              HLASM R6.0  2020/03/29 16.08            
0  1403  ADDR                                                                                                                        
   1508  CITY                                                                                                                        
    877  CUSTNO                                                                                                                      
   2139  DUMMY                                                                                                                       
   1298  FNAME                                                                                                                       
    205  INQMG36                                                                                                                     
   1193  LNAME                                                                                                                       
   1824  MESSAGE                                                                                                                     
    104  MSD0001                                                                                                                     
   1613  STATE                                                                                                                       
    558  TRANID                                                                                                                      
   1718  ZIPCODE                                                                                                                     
1                                          Macro and Copy Code Source Summary                                   Page    8            
- Con Source                                        Volume    Members                        HLASM R6.0  2020/03/29 16.08            
0  L1 DFH540.CICS.SDFHMAC                           VTDFHI    DFHANRAT DFHANRWC DFHCOPYR DFHGDEFS DFHMDF   DFHMDI                    
                                                              DFHMSD   DFHPRMCK DFHSYS                                               
1                                   General Purpose Register Cross Reference                                    Page    9            
- Register  References (M=modified, B=branch, U=USING, D=DROP, N=index)                      HLASM R6.0  2020/03/29 16.08            
0    0(0)    (no references identified)                                                                                              
     1(1)    (no references identified)                                                                                              
     2(2)    (no references identified)                                                                                              
     3(3)    (no references identified)                                                                                              
     4(4)    (no references identified)                                                                                              
     5(5)    (no references identified)                                                                                              
     6(6)    (no references identified)                                                                                              
     7(7)    (no references identified)                                                                                              
     8(8)    (no references identified)                                                                                              
     9(9)    (no references identified)                                                                                              
    10(A)    (no references identified)                                                                                              
    11(B)    (no references identified)                                                                                              
    12(C)    (no references identified)                                                                                              
    13(D)    (no references identified)                                                                                              
    14(E)    (no references identified)                                                                                              
    15(F)    (no references identified)                                                                                              
1                                  Diagnostic Cross Reference and Assembler Summary                             Page   10            
-                                                                                            HLASM R6.0  2020/03/29 16.08            
0Statements Flagged                                                                                                                  
0    344(L1:DFHPRMCK,516), 450(L1:DFHPRMCK,516), 556(L1:DFHPRMCK,516), 663(L1:DFHPRMCK,516), 769(L1:DFHPRMCK,516),                   
     875(L1:DFHPRMCK,516), 1085(L1:DFHPRMCK,516), 1191(L1:DFHPRMCK,516), 1296(L1:DFHPRMCK,516), 1401(L1:DFHPRMCK,516),               
     1506(L1:DFHPRMCK,516), 1611(L1:DFHPRMCK,516), 1716(L1:DFHPRMCK,516), 1822(L1:DFHPRMCK,516), 1927(L1:DFHPRMCK,516),              
     2033(L1:DFHPRMCK,516)                                                                                                           
 
      16 Statements Flagged in this Assembly        4 was Highest Severity Code                                                      
0HIGH LEVEL ASSEMBLER, 5696-234, RELEASE 6.0, PTF UI61337                                                                            
0SYSTEM: z/OS 02.03.00              JOBNAME: INQSBG36    STEPNAME: MAPSET     PROCSTEP: ASMMAP                                       
0Unicode Module:   ASMA047C   From Page     1148   To Page    17584           ECECP: International 1                                 
 Data Sets Allocated for this Assembly                                                                                               
  Con DDname   Data Set Name                                Volume  Member                                                           
   P1 SYSIN    SYS20089.T160848.RA000.INQSBG36.TEMPM.H01    TEMP00                                                                   
   L1 SYSLIB   DFH540.CICS.SDFHMAC                          VTDFHI                                                                   
   L2          SYS1.MACLIB                                  VTMVSC                                                                   
      SYSPRINT KC03G36.INQSBG36.JOB02812.D0000102.?                                                                                  
      SYSPUNCH SYS20089.T160848.RA000.INQSBG36.MAP.H01      TEMP00                                                                   
                                                                                                                                     
   26892K allocated to Buffer Pool       Storage required     980K                                                                   
     100 Primary Input Records Read         6915 Library Records Read                  0 Work File Reads                             
       0 ASMAOPT Records Read                270 Primary Print Records Written         0 Work File Writes                            
      19 Object Records Written                0 ADATA Records Written                                                               
0Assembly Start Time: 16.08.50 Stop Time: 16.08.50 Processor Time: 00.00.00.0071                                                     
 Return Code 004                                                                                                                     
1                                         High Level Assembler Option Summary                   (PTF UI61337)   Page    1            
-                                                                                            HLASM R6.0  2020/03/29 16.08            
0  No Overriding ASMAOPT Parameters                                                                                                  
   Overriding Parameters-  SYSPARM(MAP),DECK,NOOBJECT                                                                                
   No Process Statements                                                                                                             
 
 
   Options for this Assembly                                                                                                         
0                    NOADATA                                                                                                         
                       ALIGN                                                                                                         
                     NOASA                                                                                                           
                       BATCH                                                                                                         
                       CODEPAGE(047C)                                                                                                
                     NOCOMPAT                                                                                                        
                     NODATAMAP                                                                                                       
                     NODBCS                                                                                                          
 3 PARM/OPTION         DECK                                                                                                          
                       DXREF                                                                                                         
                       ESD                                                                                                           
                     NOEXIT                                                                                                          
                       FAIL(NOMSG,NOMNOTE,MAXERRS(500))                                                                              
                       FLAG(0,ALIGN,CONT,EXLITW,NOIMPLEN,NOLONGER,NOPAGE0,PUSH,RECORD,NOSIGNED,NOSUBSTR,NOTRUNC,USING0)              
                     NOFOLD                                                                                                          
                     NOGOFF                                                                                                          
                     NOINFO                                                                                                          
                       ILMA                                                                                                          
                       LANGUAGE(EN)                                                                                                  
                     NOLIBMAC                                                                                                        
                       LINECOUNT(60)                                                                                                 
                       LIST(121)                                                                                                     
                       MACHINE(,NOLIST)                                                                                              
                       MXREF(SOURCE)                                                                                                 
 3 PARM/OPTION       NOOBJECT                                                                                                        
                       OPTABLE(UNI,NOLIST)                                                                                           
                     NOPCONTROL                                                                                                      
                     NOPESTOP                                                                                                        
                     NOPROFILE                                                                                                       
                     NORA2                                                                                                           
                     NORENT                                                                                                          
                       RLD                                                                                                           
                       RXREF                                                                                                         
                       SECTALGN(8)                                                                                                   
                       SIZE(MAX)                                                                                                     
                     NOSUPRWARN                                                                                                      
 3 PARM/OPTION         SYSPARM(MAP)                                                                                                  
                     NOTERM                                                                                                          
                     NOTEST                                                                                                          
                       THREAD                                                                                                        
                     NOTRANSLATE                                                                                                     
                       TYPECHECK(MAGNITUDE,REGISTER)                                                                                 
                       USING(NOLIMIT,MAP,WARN(15))                                                                                   
                     NOWORKFILE                                                                                                      
                       XREF(SHORT,UNREFS)                                                                                            
 
   No Overriding DD Names                                                                                                            
1                                                                                                               Page    2            
   Active Usings: None                                                                                                               
0  Loc  Object Code    Addr1 Addr2  Stmt   Source Statement                                  HLASM R6.0  2020/03/29 16.08            
0** ASMA140W END record missing                                                                                                      
 ** ASMA435I Record 101 in SYS20089.T160848.RA000.INQSBG36.TEMPM.H01 on volume: TEMP00                                               
1                                   General Purpose Register Cross Reference                                    Page    3            
- Register  References (M=modified, B=branch, U=USING, D=DROP, N=index)                      HLASM R6.0  2020/03/29 16.08            
0    0(0)    (no references identified)                                                                                              
     1(1)    (no references identified)                                                                                              
     2(2)    (no references identified)                                                                                              
     3(3)    (no references identified)                                                                                              
     4(4)    (no references identified)                                                                                              
     5(5)    (no references identified)                                                                                              
     6(6)    (no references identified)                                                                                              
     7(7)    (no references identified)                                                                                              
     8(8)    (no references identified)                                                                                              
     9(9)    (no references identified)                                                                                              
    10(A)    (no references identified)                                                                                              
    11(B)    (no references identified)                                                                                              
    12(C)    (no references identified)                                                                                              
    13(D)    (no references identified)                                                                                              
    14(E)    (no references identified)                                                                                              
    15(F)    (no references identified)                                                                                              
1                                  Diagnostic Cross Reference and Assembler Summary                             Page    4            
-                                                                                            HLASM R6.0  2020/03/29 16.08            
0Statements Flagged                                                                                                                  
0    2(P1,101)                                                                                                                       
 
       1 Statement  Flagged in this Assembly        4 was Highest Severity Code                                                      
0HIGH LEVEL ASSEMBLER, 5696-234, RELEASE 6.0, PTF UI61337                                                                            
0SYSTEM: z/OS 02.03.00              JOBNAME: INQSBG36    STEPNAME: MAPSET     PROCSTEP: ASMMAP                                       
0Unicode Module:   ASMA047C   From Page     1148   To Page    17584           ECECP: International 1                                 
 Data Sets Allocated for this Assembly                                                                                               
  Con DDname   Data Set Name                                Volume  Member                                                           
   P1 SYSIN    SYS20089.T160848.RA000.INQSBG36.TEMPM.H01    TEMP00                                                                   
   L1 SYSLIB   DFH540.CICS.SDFHMAC                          VTDFHI                                                                   
   L2          SYS1.MACLIB                                  VTMVSC                                                                   
      SYSPRINT KC03G36.INQSBG36.JOB02812.D0000102.?                                                                                  
      SYSPUNCH SYS20089.T160848.RA000.INQSBG36.MAP.H01      TEMP00                                                                   
                                                                                                                                     
   26892K allocated to Buffer Pool       Storage required     980K                                                                   
       1 Primary Input Records Read            0 Library Records Read                  0 Work File Reads                             
       0 ASMAOPT Records Read                105 Primary Print Records Written         0 Work File Writes                            
       0 Object Records Written                0 ADATA Records Written                                                               
0Assembly Start Time: 16.08.50 Stop Time: 16.08.50 Processor Time: 00.00.00.0001                                                     
 Return Code 004                                                                                                                     
                                                                                                                                     
       2 Batch Assemblies Processed. Highest Return Code 004                                                                         
